#
# There is insufficient memory for the Java Runtime Environment to continue.
# Native memory allocation (mmap) failed to map 1631584256 bytes for committing reserved memory.
# Possible reasons:
#   The system is out of physical RAM or swap space
#   In 32 bit mode, the process size limit was hit
# Possible solutions:
#   Reduce memory load on the system
#   Increase physical memory or swap space
#   Check if swap backing store is full
#   Use 64 bit Java on a 64 bit OS
#   Decrease Java heap size (-Xmx/-Xms)
#   Decrease number of Java threads
#   Decrease Java thread stack sizes (-Xss)
#   Set larger code cache with -XX:ReservedCodeCacheSize=
# This output file may be truncated or incomplete.
#
#  Out of Memory Error (os_linux.cpp:2627), pid=6995, tid=0x00007fe08108d700
#
# JRE version: Java(TM) SE Runtime Environment (8.0_101-b13) (build 1.8.0_101-b13)
# Java VM: Java HotSpot(TM) 64-Bit Server VM (25.101-b13 mixed mode linux-amd64 compressed oops)
# Failed to write core dump. Core dumps have been disabled. To enable core dumping, try "ulimit -c unlimited" before starting Java again
#

---------------  T H R E A D  ---------------

Current thread (0x00007fe0b407f800):  VMThread [stack: 0x00007fe080f8d000,0x00007fe08108e000] [id=7005]

Stack: [0x00007fe080f8d000,0x00007fe08108e000],  sp=0x00007fe08108c1e0,  free space=1020k
Native frames: (J=compiled Java code, j=interpreted, Vv=VM code, C=native code)
V  [libjvm.so+0xac3f0a]  VMError::report_and_die()+0x2ba
V  [libjvm.so+0x4fbf9b]  report_vm_out_of_memory(char const*, int, unsigned long, VMErrorType, char const*)+0x8b
V  [libjvm.so+0x9222d3]  os::Linux::commit_memory_impl(char*, unsigned long, bool)+0x103
V  [libjvm.so+0x922829]  os::pd_commit_memory(char*, unsigned long, unsigned long, bool)+0x29
V  [libjvm.so+0x91cb2a]  os::commit_memory(char*, unsigned long, unsigned long, bool)+0x2a
V  [libjvm.so+0x991053]  PSVirtualSpace::expand_by(unsigned long)+0x53
V  [libjvm.so+0x981920]  PSOldGen::expand(unsigned long)+0x170
V  [libjvm.so+0x981b2b]  PSOldGen::resize(unsigned long)+0x1cb
V  [libjvm.so+0x989821]  PSParallelCompact::invoke_no_policy(bool)+0x991
V  [libjvm.so+0x98f17d]  PSScavenge::invoke()+0x1ad
V  [libjvm.so+0x945fc0]  ParallelScavengeHeap::failed_mem_allocate(unsigned long)+0x70
V  [libjvm.so+0xac5927]  VM_ParallelGCFailedAllocation::doit()+0x97
V  [libjvm.so+0xacd405]  VM_Operation::evaluate()+0x55
V  [libjvm.so+0xacb7da]  VMThread::evaluate_operation(VM_Operation*)+0xba
V  [libjvm.so+0xacbb5e]  VMThread::loop()+0x1ce
V  [libjvm.so+0xacbfd0]  VMThread::run()+0x70
V  [libjvm.so+0x924698]  java_start(Thread*)+0x108

VM_Operation (0x00007fe0bb923680): ParallelGCFailedAllocation, mode: safepoint, requested by thread 0x00007fe0b4009800


---------------  P R O C E S S  ---------------

Java Threads: ( => current thread )
  0x00007fe0b40cb000 JavaThread "Service Thread" daemon [_thread_blocked, id=7013, stack(0x00007fe0804bc000,0x00007fe0805bd000)]
  0x00007fe0b40c7800 JavaThread "C1 CompilerThread3" daemon [_thread_blocked, id=7012, stack(0x00007fe0805bd000,0x00007fe0806be000)]
  0x00007fe0b40c5800 JavaThread "C2 CompilerThread2" daemon [_thread_blocked, id=7011, stack(0x00007fe0806be000,0x00007fe0807bf000)]
  0x00007fe0b40c3800 JavaThread "C2 CompilerThread1" daemon [_thread_blocked, id=7010, stack(0x00007fe0807bf000,0x00007fe0808c0000)]
  0x00007fe0b40c1000 JavaThread "C2 CompilerThread0" daemon [_thread_blocked, id=7009, stack(0x00007fe0808c0000,0x00007fe0809c1000)]
  0x00007fe0b40bf800 JavaThread "Signal Dispatcher" daemon [_thread_blocked, id=7008, stack(0x00007fe0809c1000,0x00007fe080ac2000)]
  0x00007fe0b408c000 JavaThread "Finalizer" daemon [_thread_blocked, id=7007, stack(0x00007fe080d8b000,0x00007fe080e8c000)]
  0x00007fe0b4087800 JavaThread "Reference Handler" daemon [_thread_blocked, id=7006, stack(0x00007fe080e8c000,0x00007fe080f8d000)]
  0x00007fe0b4009800 JavaThread "main" [_thread_blocked, id=6996, stack(0x00007fe0bb824000,0x00007fe0bb925000)]

Other Threads:
=>0x00007fe0b407f800 VMThread [stack: 0x00007fe080f8d000,0x00007fe08108e000] [id=7005]
  0x00007fe0b40cd800 WatcherThread [stack: 0x00007fe0803bb000,0x00007fe0804bc000] [id=7014]

VM state:at safepoint (normal execution)

VM Mutex/Monitor currently owned by a thread:  ([mutex/lock_event])
[0x00007fe0b4005710] ExpandHeap_lock - owner thread: 0x00007fe0b407f800
[0x00007fe0b4005d90] Threads_lock - owner thread: 0x00007fe0b407f800
[0x00007fe0b4006290] Heap_lock - owner thread: 0x00007fe0b4009800

Heap:
 PSYoungGen      total 3728384K, used 598328K [0x000000066ab00000, 0x00000007c0000000, 0x00000007c0000000)
  eden space 1864704K, 0% used [0x000000066ab00000,0x000000066ab00000,0x00000006dc800000)
  from space 1863680K, 32% used [0x000000074e400000,0x0000000772c4e028,0x00000007c0000000)
  to   space 1863680K, 0% used [0x00000006dc800000,0x00000006dc800000,0x000000074e400000)
 ParOldGen       total 8518656K, used 8518589K [0x00000003c0000000, 0x00000005c7f00000, 0x000000066ab00000)
  object space 8518656K, 99% used [0x00000003c0000000,0x00000005c7eef670,0x00000005c7f00000)
 Metaspace       used 3339K, capacity 4490K, committed 4864K, reserved 1056768K
  class space    used 372K, capacity 386K, committed 512K, reserved 1048576K

Card table byte_map: [0x00007fe0a2fff000,0x00007fe0a5000000] byte_map_base: 0x00007fe0a11ff000

Marking Bits: (ParMarkBitMap*) 0x00007fe0bacff120
 Begin Bits: [0x00007fe05c000000, 0x00007fe06c000000)
 End Bits:   [0x00007fe06c000000, 0x00007fe07c000000)

Polling page: 0x00007fe0bb948000

CodeCache: size=245760Kb used=1577Kb max_used=1589Kb free=244182Kb
 bounds [0x00007fe0a5000000, 0x00007fe0a5270000, 0x00007fe0b4000000]
 total_blobs=431 nmethods=188 adapters=157
 compilation: enabled

Compilation events (10 events):
Event: 8.208 Thread 0x00007fe0b40c7800  184       3       java.nio.HeapByteBuffer::slice (31 bytes)
Event: 8.208 Thread 0x00007fe0b40c7800 nmethod 184 0x00007fe0a515e2d0 code [0x00007fe0a515e460, 0x00007fe0a515e928]
Event: 8.208 Thread 0x00007fe0b40c7800  185       3       java.nio.HeapByteBuffer::<init> (14 bytes)
Event: 8.208 Thread 0x00007fe0b40c7800 nmethod 185 0x00007fe0a5171150 code [0x00007fe0a51712c0, 0x00007fe0a5171468]
Event: 8.208 Thread 0x00007fe0b40c7800  186       3       java.nio.HeapByteBuffer::get (15 bytes)
Event: 8.208 Thread 0x00007fe0b40c7800 nmethod 186 0x00007fe0a5173a50 code [0x00007fe0a5173bc0, 0x00007fe0a5173e70]
Event: 18.680 Thread 0x00007fe0b40c3800  187       4       java.util.BitSet::valueOf (128 bytes)
Event: 18.690 Thread 0x00007fe0b40c3800 nmethod 187 0x00007fe0a5187150 code [0x00007fe0a51872e0, 0x00007fe0a5187af8]
Event: 45.504 Thread 0x00007fe0b40c5800  188       4       java.nio.Buffer::limit (62 bytes)
Event: 45.505 Thread 0x00007fe0b40c5800 nmethod 188 0x00007fe0a5174590 code [0x00007fe0a51746e0, 0x00007fe0a51747d8]

GC Heap History (10 events):
Event: 46.603 GC heap after
Heap after GC invocations=46 (full 11):
 PSYoungGen      total 3691008K, used 1738528K [0x000000066ab00000, 0x00000007c0000000, 0x00000007c0000000)
  eden space 1827328K, 0% used [0x000000066ab00000,0x000000066ab00000,0x00000006da380000)
  from space 1863680K, 93% used [0x00000006da380000,0x0000000744548010,0x000000074bf80000)
  to   space 1863680K, 0% used [0x000000074e400000,0x000000074e400000,0x00000007c0000000)
 ParOldGen       total 7175680K, used 6357451K [0x00000003c0000000, 0x0000000575f80000, 0x000000066ab00000)
  object space 7175680K, 88% used [0x00000003c0000000,0x0000000544072e98,0x0000000575f80000)
 Metaspace       used 3339K, capacity 4490K, committed 4864K, reserved 1056768K
  class space    used 372K, capacity 386K, committed 512K, reserved 1048576K
}
Event: 48.250 GC heap before
{Heap before GC invocations=47 (full 11):
 PSYoungGen      total 3691008K, used 3565856K [0x000000066ab00000, 0x00000007c0000000, 0x00000007c0000000)
  eden space 1827328K, 100% used [0x000000066ab00000,0x00000006da380000,0x00000006da380000)
  from space 1863680K, 93% used [0x00000006da380000,0x0000000744548010,0x000000074bf80000)
  to   space 1863680K, 0% used [0x000000074e400000,0x000000074e400000,0x00000007c0000000)
 ParOldGen       total 7175680K, used 6357451K [0x00000003c0000000, 0x0000000575f80000, 0x000000066ab00000)
  object space 7175680K, 88% used [0x00000003c0000000,0x0000000544072e98,0x0000000575f80000)
 Metaspace       used 3339K, capacity 4490K, committed 4864K, reserved 1056768K
  class space    used 372K, capacity 386K, committed 512K, reserved 1048576K
Event: 48.731 GC heap after
Heap after GC invocations=47 (full 11):
 PSYoungGen      total 3728384K, used 1863648K [0x000000066ab00000, 0x00000007c0000000, 0x00000007c0000000)
  eden space 1864704K, 0% used [0x000000066ab00000,0x000000066ab00000,0x00000006dc800000)
  from space 1863680K, 99% used [0x000000074e400000,0x00000007bfff8010,0x00000007c0000000)
  to   space 1863680K, 0% used [0x00000006dc800000,0x00000006dc800000,0x000000074e400000)
 ParOldGen       total 7175680K, used 6717063K [0x00000003c0000000, 0x0000000575f80000, 0x000000066ab00000)
  object space 7175680K, 93% used [0x00000003c0000000,0x0000000559fa1ff8,0x0000000575f80000)
 Metaspace       used 3339K, capacity 4490K, committed 4864K, reserved 1056768K
  class space    used 372K, capacity 386K, committed 512K, reserved 1048576K
}
Event: 48.731 GC heap before
{Heap before GC invocations=48 (full 12):
 PSYoungGen      total 3728384K, used 1863648K [0x000000066ab00000, 0x00000007c0000000, 0x00000007c0000000)
  eden space 1864704K, 0% used [0x000000066ab00000,0x000000066ab00000,0x00000006dc800000)
  from space 1863680K, 99% used [0x000000074e400000,0x00000007bfff8010,0x00000007c0000000)
  to   space 1863680K, 0% used [0x00000006dc800000,0x00000006dc800000,0x000000074e400000)
 ParOldGen       total 7175680K, used 6717063K [0x00000003c0000000, 0x0000000575f80000, 0x000000066ab00000)
  object space 7175680K, 93% used [0x00000003c0000000,0x0000000559fa1ff8,0x0000000575f80000)
 Metaspace       used 3339K, capacity 4490K, committed 4864K, reserved 1056768K
  class space    used 372K, capacity 386K, committed 512K, reserved 1048576K
Event: 50.572 GC heap after
Heap after GC invocations=48 (full 12):
 PSYoungGen      total 3728384K, used 1222557K [0x000000066ab00000, 0x00000007c0000000, 0x00000007c0000000)
  eden space 1864704K, 0% used [0x000000066ab00000,0x000000066ab00000,0x00000006dc800000)
  from space 1863680K, 65% used [0x000000074e400000,0x0000000798de7460,0x00000007c0000000)
  to   space 1863680K, 0% used [0x00000006dc800000,0x00000006dc800000,0x000000074e400000)
 ParOldGen       total 8518656K, used 7175321K [0x00000003c0000000, 0x00000005c7f00000, 0x000000066ab00000)
  object space 8518656K, 84% used [0x00000003c0000000,0x0000000575f26538,0x00000005c7f00000)
 Metaspace       used 3339K, capacity 4490K, committed 4864K, reserved 1056768K
  class space    used 372K, capacity 386K, committed 512K, reserved 1048576K
}
Event: 52.266 GC heap before
{Heap before GC invocations=49 (full 12):
 PSYoungGen      total 3728384K, used 3087261K [0x000000066ab00000, 0x00000007c0000000, 0x00000007c0000000)
  eden space 1864704K, 100% used [0x000000066ab00000,0x00000006dc800000,0x00000006dc800000)
  from space 1863680K, 65% used [0x000000074e400000,0x0000000798de7460,0x00000007c0000000)
  to   space 1863680K, 0% used [0x00000006dc800000,0x00000006dc800000,0x000000074e400000)
 ParOldGen       total 8518656K, used 7175321K [0x00000003c0000000, 0x00000005c7f00000, 0x000000066ab00000)
  object space 8518656K, 84% used [0x00000003c0000000,0x0000000575f26538,0x00000005c7f00000)
 Metaspace       used 3339K, capacity 4490K, committed 4864K, reserved 1056768K
  class space    used 372K, capacity 386K, committed 512K, reserved 1048576K
Event: 55.705 GC heap after
Heap after GC invocations=49 (full 12):
 PSYoungGen      total 3728384K, used 1122432K [0x000000066ab00000, 0x00000007c0000000, 0x00000007c0000000)
  eden space 1864704K, 0% used [0x000000066ab00000,0x000000066ab00000,0x00000006dc800000)
  from space 1863680K, 60% used [0x00000006dc800000,0x0000000721020000,0x000000074e400000)
  to   space 1863680K, 0% used [0x000000074e400000,0x000000074e400000,0x00000007c0000000)
 ParOldGen       total 8518656K, used 7773765K [0x00000003c0000000, 0x00000005c7f00000, 0x000000066ab00000)
  object space 8518656K, 91% used [0x00000003c0000000,0x000000059a7914e0,0x00000005c7f00000)
 Metaspace       used 3339K, capacity 4490K, committed 4864K, reserved 1056768K
  class space    used 372K, capacity 386K, committed 512K, reserved 1048576K
}
Event: 57.498 GC heap before
{Heap before GC invocations=50 (full 12):
 PSYoungGen      total 3728384K, used 2987136K [0x000000066ab00000, 0x00000007c0000000, 0x00000007c0000000)
  eden space 1864704K, 100% used [0x000000066ab00000,0x00000006dc800000,0x00000006dc800000)
  from space 1863680K, 60% used [0x00000006dc800000,0x0000000721020000,0x000000074e400000)
  to   space 1863680K, 0% used [0x000000074e400000,0x000000074e400000,0x00000007c0000000)
 ParOldGen       total 8518656K, used 7773765K [0x00000003c0000000, 0x00000005c7f00000, 0x000000066ab00000)
  object space 8518656K, 91% used [0x00000003c0000000,0x000000059a7914e0,0x00000005c7f00000)
 Metaspace       used 3339K, capacity 4490K, committed 4864K, reserved 1056768K
  class space    used 372K, capacity 386K, committed 512K, reserved 1048576K
Event: 62.241 GC heap after
Heap after GC invocations=50 (full 12):
 PSYoungGen      total 3728384K, used 796544K [0x000000066ab00000, 0x00000007c0000000, 0x00000007c0000000)
  eden space 1864704K, 0% used [0x000000066ab00000,0x000000066ab00000,0x00000006dc800000)
  from space 1863680K, 42% used [0x000000074e400000,0x000000077ede0000,0x00000007c0000000)
  to   space 1863680K, 0% used [0x00000006dc800000,0x00000006dc800000,0x000000074e400000)
 ParOldGen       total 8518656K, used 8398103K [0x00000003c0000000, 0x00000005c7f00000, 0x000000066ab00000)
  object space 8518656K, 98% used [0x00000003c0000000,0x00000005c0945d88,0x00000005c7f00000)
 Metaspace       used 3339K, capacity 4490K, committed 4864K, reserved 1056768K
  class space    used 372K, capacity 386K, committed 512K, reserved 1048576K
}
Event: 62.241 GC heap before
{Heap before GC invocations=51 (full 13):
 PSYoungGen      total 3728384K, used 796544K [0x000000066ab00000, 0x00000007c0000000, 0x00000007c0000000)
  eden space 1864704K, 0% used [0x000000066ab00000,0x000000066ab00000,0x00000006dc800000)
  from space 1863680K, 42% used [0x000000074e400000,0x000000077ede0000,0x00000007c0000000)
  to   space 1863680K, 0% used [0x00000006dc800000,0x00000006dc800000,0x000000074e400000)
 ParOldGen       total 8518656K, used 8398103K [0x00000003c0000000, 0x00000005c7f00000, 0x000000066ab00000)
  object space 8518656K, 98% used [0x00000003c0000000,0x00000005c0945d88,0x00000005c7f00000)
 Metaspace       used 3339K, capacity 4490K, committed 4864K, reserved 1056768K
  class space    used 372K, capacity 386K, committed 512K, reserved 1048576K

Deoptimization events (6 events):
Event: 0.197 Thread 0x00007fe0b4009800 Uncommon trap: reason=unstable_if action=reinterpret pc=0x00007fe0a5147a74 method=java.util.HashMap.getNode(ILjava/lang/Object;)Ljava/util/HashMap$Node; @ 104
Event: 1.243 Thread 0x00007fe0b4009800 Uncommon trap: reason=unstable_if action=reinterpret pc=0x00007fe0a5151938 method=java.util.HashMap.getNode(ILjava/lang/Object;)Ljava/util/HashMap$Node; @ 62
Event: 1.243 Thread 0x00007fe0b4009800 Uncommon trap: reason=class_check action=maybe_recompile pc=0x00007fe0a5152930 method=java.util.HashMap.putVal(ILjava/lang/Object;Ljava/lang/Object;ZZ)Ljava/lang/Object; @ 91
Event: 2.179 Thread 0x00007fe0b4009800 Uncommon trap: reason=class_check action=maybe_recompile pc=0x00007fe0a5150c0c method=java.util.HashMap.putVal(ILjava/lang/Object;Ljava/lang/Object;ZZ)Ljava/lang/Object; @ 91
Event: 3.043 Thread 0x00007fe0b4009800 Uncommon trap: reason=unstable_if action=reinterpret pc=0x00007fe0a51778b4 method=java.util.HashMap.getNode(ILjava/lang/Object;)Ljava/util/HashMap$Node; @ 129
Event: 3.043 Thread 0x00007fe0b4009800 Uncommon trap: reason=unstable_if action=reinterpret pc=0x00007fe0a51528e4 method=java.util.HashMap.putVal(ILjava/lang/Object;Ljava/lang/Object;ZZ)Ljava/lang/Object; @ 181

Internal exceptions (6 events):
Event: 0.035 Thread 0x00007fe0b4009800 Exception <a 'java/lang/NoSuchMethodError': Method sun.misc.Unsafe.defineClass(Ljava/lang/String;[BII)Ljava/lang/Class; name or signature does not match> (0x000000066ab07cc0) thrown at [/HUDSON3/workspace/8-2-build-linux-amd64/jdk8u101/7261/hotspot/src/sh
Event: 0.035 Thread 0x00007fe0b4009800 Exception <a 'java/lang/NoSuchMethodError': Method sun.misc.Unsafe.prefetchRead(Ljava/lang/Object;J)V name or signature does not match> (0x000000066ab07fa8) thrown at [/HUDSON3/workspace/8-2-build-linux-amd64/jdk8u101/7261/hotspot/src/share/vm/prims/jni.c
Event: 0.081 Thread 0x00007fe0b4009800 Exception <a 'java/security/PrivilegedActionException'> (0x000000066ab83708) thrown at [/HUDSON3/workspace/8-2-build-linux-amd64/jdk8u101/7261/hotspot/src/share/vm/prims/jvm.cpp, line 1386]
Event: 0.081 Thread 0x00007fe0b4009800 Exception <a 'java/security/PrivilegedActionException'> (0x000000066ab83b00) thrown at [/HUDSON3/workspace/8-2-build-linux-amd64/jdk8u101/7261/hotspot/src/share/vm/prims/jvm.cpp, line 1386]
Event: 0.081 Thread 0x00007fe0b4009800 Exception <a 'java/security/PrivilegedActionException'> (0x000000066ab860c0) thrown at [/HUDSON3/workspace/8-2-build-linux-amd64/jdk8u101/7261/hotspot/src/share/vm/prims/jvm.cpp, line 1386]
Event: 0.081 Thread 0x00007fe0b4009800 Exception <a 'java/security/PrivilegedActionException'> (0x000000066ab864b8) thrown at [/HUDSON3/workspace/8-2-build-linux-amd64/jdk8u101/7261/hotspot/src/share/vm/prims/jvm.cpp, line 1386]

Events (10 events):
Event: 42.966 Executing VM operation: ParallelGCFailedAllocation done
Event: 44.634 Executing VM operation: ParallelGCFailedAllocation
Event: 44.758 Executing VM operation: ParallelGCFailedAllocation done
Event: 46.400 Executing VM operation: ParallelGCFailedAllocation
Event: 46.603 Executing VM operation: ParallelGCFailedAllocation done
Event: 48.250 Executing VM operation: ParallelGCFailedAllocation
Event: 50.572 Executing VM operation: ParallelGCFailedAllocation done
Event: 52.266 Executing VM operation: ParallelGCFailedAllocation
Event: 55.705 Executing VM operation: ParallelGCFailedAllocation done
Event: 57.498 Executing VM operation: ParallelGCFailedAllocation


Dynamic libraries:
00400000-00401000 r-xp 00000000 08:03 814984                             /usr/lib/jvm/jdk1.8.0_101/bin/java
00600000-00601000 rw-p 00000000 08:03 814984                             /usr/lib/jvm/jdk1.8.0_101/bin/java
008f5000-00916000 rw-p 00000000 00:00 0                                  [heap]
3c0000000-5c7f00000 rw-p 00000000 00:00 0 
629300000-66ab00000 ---p 00000000 00:00 0 
66ab00000-7c0000000 rw-p 00000000 00:00 0 
7c0000000-7c0080000 rw-p 00000000 00:00 0 
7c0080000-800000000 ---p 00000000 00:00 0 
7fe034000000-7fe034021000 rw-p 00000000 00:00 0 
7fe034021000-7fe038000000 ---p 00000000 00:00 0 
7fe038000000-7fe038021000 rw-p 00000000 00:00 0 
7fe038021000-7fe03c000000 ---p 00000000 00:00 0 
7fe03c000000-7fe03c418000 rw-p 00000000 00:00 0 
7fe03c418000-7fe040000000 ---p 00000000 00:00 0 
7fe040000000-7fe0400d7000 rw-p 00000000 00:00 0 
7fe0400d7000-7fe044000000 ---p 00000000 00:00 0 
7fe044000000-7fe044513000 rw-p 00000000 00:00 0 
7fe044513000-7fe048000000 ---p 00000000 00:00 0 
7fe048000000-7fe048214000 rw-p 00000000 00:00 0 
7fe048214000-7fe04c000000 ---p 00000000 00:00 0 
7fe04c000000-7fe04c021000 rw-p 00000000 00:00 0 
7fe04c021000-7fe050000000 ---p 00000000 00:00 0 
7fe050000000-7fe050021000 rw-p 00000000 00:00 0 
7fe050021000-7fe054000000 ---p 00000000 00:00 0 
7fe054000000-7fe054021000 rw-p 00000000 00:00 0 
7fe054021000-7fe058000000 ---p 00000000 00:00 0 
7fe058000000-7fe058021000 rw-p 00000000 00:00 0 
7fe058021000-7fe05c000000 ---p 00000000 00:00 0 
7fe05c000000-7fe07c000000 rw-p 00000000 00:00 0 
7fe07c000000-7fe07c08a000 rw-p 00000000 00:00 0 
7fe07c08a000-7fe080000000 ---p 00000000 00:00 0 
7fe080134000-7fe0803bb000 rw-p 00000000 00:00 0 
7fe0803bb000-7fe0803bc000 ---p 00000000 00:00 0 
7fe0803bc000-7fe0804bc000 rw-p 00000000 00:00 0 
7fe0804bc000-7fe0804bf000 ---p 00000000 00:00 0 
7fe0804bf000-7fe0805bd000 rw-p 00000000 00:00 0 
7fe0805bd000-7fe0805c0000 ---p 00000000 00:00 0 
7fe0805c0000-7fe0806be000 rw-p 00000000 00:00 0 
7fe0806be000-7fe0806c1000 ---p 00000000 00:00 0 
7fe0806c1000-7fe0807bf000 rw-p 00000000 00:00 0 
7fe0807bf000-7fe0807c2000 ---p 00000000 00:00 0 
7fe0807c2000-7fe0808c0000 rw-p 00000000 00:00 0 
7fe0808c0000-7fe0808c3000 ---p 00000000 00:00 0 
7fe0808c3000-7fe0809c1000 rw-p 00000000 00:00 0 
7fe0809c1000-7fe0809c4000 ---p 00000000 00:00 0 
7fe0809c4000-7fe080ac2000 rw-p 00000000 00:00 0 
7fe080ac2000-7fe080d8b000 r--p 00000000 08:03 269769                     /usr/lib/locale/locale-archive
7fe080d8b000-7fe080d8e000 ---p 00000000 00:00 0 
7fe080d8e000-7fe080e8c000 rw-p 00000000 00:00 0 
7fe080e8c000-7fe080e8f000 ---p 00000000 00:00 0 
7fe080e8f000-7fe080f8d000 rw-p 00000000 00:00 0 
7fe080f8d000-7fe080f8e000 ---p 00000000 00:00 0 
7fe080f8e000-7fe084000000 rw-p 00000000 00:00 0 
7fe084000000-7fe084021000 rw-p 00000000 00:00 0 
7fe084021000-7fe088000000 ---p 00000000 00:00 0 
7fe088000000-7fe08807e000 rw-p 00000000 00:00 0 
7fe08807e000-7fe08c000000 ---p 00000000 00:00 0 
7fe08c000000-7fe08c057000 rw-p 00000000 00:00 0 
7fe08c057000-7fe090000000 ---p 00000000 00:00 0 
7fe090000000-7fe09008b000 rw-p 00000000 00:00 0 
7fe09008b000-7fe094000000 ---p 00000000 00:00 0 
7fe094000000-7fe094021000 rw-p 00000000 00:00 0 
7fe094021000-7fe098000000 ---p 00000000 00:00 0 
7fe098000000-7fe09810a000 rw-p 00000000 00:00 0 
7fe09810a000-7fe09c000000 ---p 00000000 00:00 0 
7fe09c000000-7fe09c049000 rw-p 00000000 00:00 0 
7fe09c049000-7fe0a0000000 ---p 00000000 00:00 0 
7fe0a001e000-7fe0a0c8d000 rw-p 00000000 00:00 0 
7fe0a0c8d000-7fe0a0e66000 r--s 03d29000 08:03 815021                     /usr/lib/jvm/jdk1.8.0_101/jre/lib/rt.jar
7fe0a0e66000-7fe0a12a6000 rw-p 00000000 00:00 0 
7fe0a12a6000-7fe0a1666000 ---p 00000000 00:00 0 
7fe0a1666000-7fe0a17a6000 rw-p 00000000 00:00 0 
7fe0a17a6000-7fe0a17a7000 ---p 00000000 00:00 0 
7fe0a17a7000-7fe0a18a7000 rw-p 00000000 00:00 0 
7fe0a18a7000-7fe0a18a8000 ---p 00000000 00:00 0 
7fe0a18a8000-7fe0a19a8000 rw-p 00000000 00:00 0 
7fe0a19a8000-7fe0a19a9000 ---p 00000000 00:00 0 
7fe0a19a9000-7fe0a2ae9000 rw-p 00000000 00:00 0 
7fe0a2ae9000-7fe0a2fff000 ---p 00000000 00:00 0 
7fe0a2fff000-7fe0a403f000 rw-p 00000000 00:00 0 
7fe0a403f000-7fe0a4554000 ---p 00000000 00:00 0 
7fe0a4554000-7fe0a4fff000 rw-p 00000000 00:00 0 
7fe0a4fff000-7fe0a5000000 rw-p 00000000 00:00 0 
7fe0a5000000-7fe0a5270000 rwxp 00000000 00:00 0 
7fe0a5270000-7fe0b4000000 ---p 00000000 00:00 0 
7fe0b4000000-7fe0b4167000 rw-p 00000000 00:00 0 
7fe0b4167000-7fe0b8000000 ---p 00000000 00:00 0 
7fe0b8001000-7fe0b80da000 rw-p 00000000 00:00 0 
7fe0b80da000-7fe0b80db000 ---p 00000000 00:00 0 
7fe0b80db000-7fe0b81db000 rw-p 00000000 00:00 0 
7fe0b81db000-7fe0b81dc000 ---p 00000000 00:00 0 
7fe0b81dc000-7fe0b82dc000 rw-p 00000000 00:00 0 
7fe0b82dc000-7fe0b82dd000 ---p 00000000 00:00 0 
7fe0b82dd000-7fe0b83dd000 rw-p 00000000 00:00 0 
7fe0b83dd000-7fe0b83de000 ---p 00000000 00:00 0 
7fe0b83de000-7fe0b84de000 rw-p 00000000 00:00 0 
7fe0b84de000-7fe0b84df000 ---p 00000000 00:00 0 
7fe0b84df000-7fe0b85e9000 rw-p 00000000 00:00 0 
7fe0b85e9000-7fe0b899f000 ---p 00000000 00:00 0 
7fe0b899f000-7fe0b89b9000 r-xp 00000000 08:03 815050                     /usr/lib/jvm/jdk1.8.0_101/jre/lib/amd64/libzip.so
7fe0b89b9000-7fe0b8bb9000 ---p 0001a000 08:03 815050                     /usr/lib/jvm/jdk1.8.0_101/jre/lib/amd64/libzip.so
7fe0b8bb9000-7fe0b8bba000 rw-p 0001a000 08:03 815050                     /usr/lib/jvm/jdk1.8.0_101/jre/lib/amd64/libzip.so
7fe0b8bba000-7fe0b8bc4000 r-xp 00000000 08:03 786893                     /lib/x86_64-linux-gnu/libnss_files-2.19.so
7fe0b8bc4000-7fe0b8dc3000 ---p 0000a000 08:03 786893                     /lib/x86_64-linux-gnu/libnss_files-2.19.so
7fe0b8dc3000-7fe0b8dc4000 r--p 00009000 08:03 786893                     /lib/x86_64-linux-gnu/libnss_files-2.19.so
7fe0b8dc4000-7fe0b8dc5000 rw-p 0000a000 08:03 786893                     /lib/x86_64-linux-gnu/libnss_files-2.19.so
7fe0b8dc5000-7fe0b8dd0000 r-xp 00000000 08:03 786849                     /lib/x86_64-linux-gnu/libnss_nis-2.19.so
7fe0b8dd0000-7fe0b8fcf000 ---p 0000b000 08:03 786849                     /lib/x86_64-linux-gnu/libnss_nis-2.19.so
7fe0b8fcf000-7fe0b8fd0000 r--p 0000a000 08:03 786849                     /lib/x86_64-linux-gnu/libnss_nis-2.19.so
7fe0b8fd0000-7fe0b8fd1000 rw-p 0000b000 08:03 786849                     /lib/x86_64-linux-gnu/libnss_nis-2.19.so
7fe0b8fd1000-7fe0b8fe8000 r-xp 00000000 08:03 786845                     /lib/x86_64-linux-gnu/libnsl-2.19.so
7fe0b8fe8000-7fe0b91e7000 ---p 00017000 08:03 786845                     /lib/x86_64-linux-gnu/libnsl-2.19.so
7fe0b91e7000-7fe0b91e8000 r--p 00016000 08:03 786845                     /lib/x86_64-linux-gnu/libnsl-2.19.so
7fe0b91e8000-7fe0b91e9000 rw-p 00017000 08:03 786845                     /lib/x86_64-linux-gnu/libnsl-2.19.so
7fe0b91e9000-7fe0b91eb000 rw-p 00000000 00:00 0 
7fe0b91eb000-7fe0b91f4000 r-xp 00000000 08:03 786844                     /lib/x86_64-linux-gnu/libnss_compat-2.19.so
7fe0b91f4000-7fe0b93f3000 ---p 00009000 08:03 786844                     /lib/x86_64-linux-gnu/libnss_compat-2.19.so
7fe0b93f3000-7fe0b93f4000 r--p 00008000 08:03 786844                     /lib/x86_64-linux-gnu/libnss_compat-2.19.so
7fe0b93f4000-7fe0b93f5000 rw-p 00009000 08:03 786844                     /lib/x86_64-linux-gnu/libnss_compat-2.19.so
7fe0b93f5000-7fe0b941f000 r-xp 00000000 08:03 815076                     /usr/lib/jvm/jdk1.8.0_101/jre/lib/amd64/libjava.so
7fe0b941f000-7fe0b961f000 ---p 0002a000 08:03 815076                     /usr/lib/jvm/jdk1.8.0_101/jre/lib/amd64/libjava.so
7fe0b961f000-7fe0b9621000 rw-p 0002a000 08:03 815076                     /usr/lib/jvm/jdk1.8.0_101/jre/lib/amd64/libjava.so
7fe0b9621000-7fe0b962e000 r-xp 00000000 08:03 815030                     /usr/lib/jvm/jdk1.8.0_101/jre/lib/amd64/libverify.so
7fe0b962e000-7fe0b982e000 ---p 0000d000 08:03 815030                     /usr/lib/jvm/jdk1.8.0_101/jre/lib/amd64/libverify.so
7fe0b982e000-7fe0b9830000 rw-p 0000d000 08:03 815030                     /usr/lib/jvm/jdk1.8.0_101/jre/lib/amd64/libverify.so
7fe0b9830000-7fe0b9837000 r-xp 00000000 08:03 786859                     /lib/x86_64-linux-gnu/librt-2.19.so
7fe0b9837000-7fe0b9a36000 ---p 00007000 08:03 786859                     /lib/x86_64-linux-gnu/librt-2.19.so
7fe0b9a36000-7fe0b9a37000 r--p 00006000 08:03 786859                     /lib/x86_64-linux-gnu/librt-2.19.so
7fe0b9a37000-7fe0b9a38000 rw-p 00007000 08:03 786859                     /lib/x86_64-linux-gnu/librt-2.19.so
7fe0b9a38000-7fe0b9b3d000 r-xp 00000000 08:03 786823                     /lib/x86_64-linux-gnu/libm-2.19.so
7fe0b9b3d000-7fe0b9d3c000 ---p 00105000 08:03 786823                     /lib/x86_64-linux-gnu/libm-2.19.so
7fe0b9d3c000-7fe0b9d3d000 r--p 00104000 08:03 786823                     /lib/x86_64-linux-gnu/libm-2.19.so
7fe0b9d3d000-7fe0b9d3e000 rw-p 00105000 08:03 786823                     /lib/x86_64-linux-gnu/libm-2.19.so
7fe0b9d3e000-7fe0baa09000 r-xp 00000000 08:03 815080                     /usr/lib/jvm/jdk1.8.0_101/jre/lib/amd64/server/libjvm.so
7fe0baa09000-7fe0bac08000 ---p 00ccb000 08:03 815080                     /usr/lib/jvm/jdk1.8.0_101/jre/lib/amd64/server/libjvm.so
7fe0bac08000-7fe0bace1000 rw-p 00cca000 08:03 815080                     /usr/lib/jvm/jdk1.8.0_101/jre/lib/amd64/server/libjvm.so
7fe0bace1000-7fe0bad2c000 rw-p 00000000 00:00 0 
7fe0bad2c000-7fe0baee6000 r-xp 00000000 08:03 786860                     /lib/x86_64-linux-gnu/libc-2.19.so
7fe0baee6000-7fe0bb0e6000 ---p 001ba000 08:03 786860                     /lib/x86_64-linux-gnu/libc-2.19.so
7fe0bb0e6000-7fe0bb0ea000 r--p 001ba000 08:03 786860                     /lib/x86_64-linux-gnu/libc-2.19.so
7fe0bb0ea000-7fe0bb0ec000 rw-p 001be000 08:03 786860                     /lib/x86_64-linux-gnu/libc-2.19.so
7fe0bb0ec000-7fe0bb0f1000 rw-p 00000000 00:00 0 
7fe0bb0f1000-7fe0bb0f4000 r-xp 00000000 08:03 786825                     /lib/x86_64-linux-gnu/libdl-2.19.so
7fe0bb0f4000-7fe0bb2f3000 ---p 00003000 08:03 786825                     /lib/x86_64-linux-gnu/libdl-2.19.so
7fe0bb2f3000-7fe0bb2f4000 r--p 00002000 08:03 786825                     /lib/x86_64-linux-gnu/libdl-2.19.so
7fe0bb2f4000-7fe0bb2f5000 rw-p 00003000 08:03 786825                     /lib/x86_64-linux-gnu/libdl-2.19.so
7fe0bb2f5000-7fe0bb30a000 r-xp 00000000 08:03 291686                     /usr/lib/jvm/jdk1.8.0_101/lib/amd64/jli/libjli.so
7fe0bb30a000-7fe0bb50a000 ---p 00015000 08:03 291686                     /usr/lib/jvm/jdk1.8.0_101/lib/amd64/jli/libjli.so
7fe0bb50a000-7fe0bb50b000 rw-p 00015000 08:03 291686                     /usr/lib/jvm/jdk1.8.0_101/lib/amd64/jli/libjli.so
7fe0bb50b000-7fe0bb524000 r-xp 00000000 08:03 786846                     /lib/x86_64-linux-gnu/libpthread-2.19.so
7fe0bb524000-7fe0bb723000 ---p 00019000 08:03 786846                     /lib/x86_64-linux-gnu/libpthread-2.19.so
7fe0bb723000-7fe0bb724000 r--p 00018000 08:03 786846                     /lib/x86_64-linux-gnu/libpthread-2.19.so
7fe0bb724000-7fe0bb725000 rw-p 00019000 08:03 786846                     /lib/x86_64-linux-gnu/libpthread-2.19.so
7fe0bb725000-7fe0bb729000 rw-p 00000000 00:00 0 
7fe0bb729000-7fe0bb74c000 r-xp 00000000 08:03 786847                     /lib/x86_64-linux-gnu/ld-2.19.so
7fe0bb752000-7fe0bb824000 rw-p 00000000 00:00 0 
7fe0bb824000-7fe0bb827000 ---p 00000000 00:00 0 
7fe0bb827000-7fe0bb929000 rw-p 00000000 00:00 0 
7fe0bb93e000-7fe0bb93f000 rw-p 00000000 00:00 0 
7fe0bb93f000-7fe0bb947000 rw-s 00000000 08:03 940635                     /tmp/hsperfdata_adam/6995
7fe0bb947000-7fe0bb948000 rw-p 00000000 00:00 0 
7fe0bb948000-7fe0bb949000 ---p 00000000 00:00 0 
7fe0bb949000-7fe0bb94b000 rw-p 00000000 00:00 0 
7fe0bb94b000-7fe0bb94c000 r--p 00022000 08:03 786847                     /lib/x86_64-linux-gnu/ld-2.19.so
7fe0bb94c000-7fe0bb94d000 rw-p 00023000 08:03 786847                     /lib/x86_64-linux-gnu/ld-2.19.so
7fe0bb94d000-7fe0bb94e000 rw-p 00000000 00:00 0 
7ffecdf9a000-7ffecdfbb000 rw-p 00000000 00:00 0                          [stack]
7ffecdfc2000-7ffecdfc4000 r--p 00000000 00:00 0                          [vvar]
7ffecdfc4000-7ffecdfc6000 r-xp 00000000 00:00 0                          [vdso]
ffffffffff600000-ffffffffff601000 r-xp 00000000 00:00 0                  [vsyscall]

VM Arguments:
jvm_args: -Xmx16g 
java_command: pancake
java_class_path (initial): .
Launcher Type: SUN_STANDARD

Environment Variables:
PATH=/usr/local/sbin:/usr/local/bin:/usr/sbin:/usr/bin:/sbin:/bin:/usr/games:/usr/local/games
USERNAME=adam
SHELL=/bin/bash
DISPLAY=:0

Signal Handlers:
SIGSEGV: [libjvm.so+0xac4790], sa_mask[0]=11111111011111111101111111111110, sa_flags=SA_RESTART|SA_SIGINFO
SIGBUS: [libjvm.so+0xac4790], sa_mask[0]=11111111011111111101111111111110, sa_flags=SA_RESTART|SA_SIGINFO
SIGFPE: [libjvm.so+0x91f140], sa_mask[0]=11111111011111111101111111111110, sa_flags=SA_RESTART|SA_SIGINFO
SIGPIPE: [libjvm.so+0x91f140], sa_mask[0]=11111111011111111101111111111110, sa_flags=SA_RESTART|SA_SIGINFO
SIGXFSZ: [libjvm.so+0x91f140], sa_mask[0]=11111111011111111101111111111110, sa_flags=SA_RESTART|SA_SIGINFO
SIGILL: [libjvm.so+0x91f140], sa_mask[0]=11111111011111111101111111111110, sa_flags=SA_RESTART|SA_SIGINFO
SIGUSR1: SIG_DFL, sa_mask[0]=00000000000000000000000000000000, sa_flags=none
SIGUSR2: [libjvm.so+0x920770], sa_mask[0]=00000000000000000000000000000000, sa_flags=SA_RESTART|SA_SIGINFO
SIGHUP: [libjvm.so+0x921b70], sa_mask[0]=11111111011111111101111111111110, sa_flags=SA_RESTART|SA_SIGINFO
SIGINT: [libjvm.so+0x921b70], sa_mask[0]=11111111011111111101111111111110, sa_flags=SA_RESTART|SA_SIGINFO
SIGTERM: [libjvm.so+0x921b70], sa_mask[0]=11111111011111111101111111111110, sa_flags=SA_RESTART|SA_SIGINFO
SIGQUIT: [libjvm.so+0x921b70], sa_mask[0]=11111111011111111101111111111110, sa_flags=SA_RESTART|SA_SIGINFO


---------------  S Y S T E M  ---------------

OS:DISTRIB_ID=LinuxMint
DISTRIB_RELEASE=17.3
DISTRIB_CODENAME=rosa
DISTRIB_DESCRIPTION="Linux Mint 17.3 Rosa"

uname:Linux 4.4.0-45-generic #66~14.04.1-Ubuntu SMP Wed Oct 19 15:05:38 UTC 2016 x86_64
libc:glibc 2.19 NPTL 2.19 
rlimit: STACK 8192k, CORE 0k, NPROC 63809, NOFILE 4096, AS infinity
load average:3.20 1.72 1.02

/proc/meminfo:
MemTotal:       16372212 kB
MemFree:          158936 kB
MemAvailable:      56468 kB
Buffers:             836 kB
Cached:           351080 kB
SwapCached:        88840 kB
Active:         14095332 kB
Inactive:        1823312 kB
Active(anon):   14046316 kB
Inactive(anon):  1781064 kB
Active(file):      49016 kB
Inactive(file):    42248 kB
Unevictable:         148 kB
Mlocked:             148 kB
SwapTotal:       2902012 kB
SwapFree:        1259276 kB
Dirty:                 8 kB
Writeback:            80 kB
AnonPages:      15482112 kB
Mapped:           382708 kB
Shmem:            259692 kB
Slab:              92820 kB
SReclaimable:      40532 kB
SUnreclaim:        52288 kB
KernelStack:       11216 kB
PageTables:        69720 kB
NFS_Unstable:          0 kB
Bounce:                0 kB
WritebackTmp:          0 kB
CommitLimit:    11088116 kB
Committed_AS:   22523832 kB
VmallocTotal:   34359738367 kB
VmallocUsed:           0 kB
VmallocChunk:          0 kB
HardwareCorrupted:     0 kB
AnonHugePages:  11370496 kB
CmaTotal:              0 kB
CmaFree:               0 kB
HugePages_Total:       0
HugePages_Free:        0
HugePages_Rsvd:        0
HugePages_Surp:        0
Hugepagesize:       2048 kB
DirectMap4k:      206040 kB
DirectMap2M:     6025216 kB
DirectMap1G:    10485760 kB


CPU:total 8 (4 cores per cpu, 2 threads per core) family 6 model 62 stepping 4, cmov, cx8, fxsr, mmx, sse, sse2, sse3, ssse3, sse4.1, sse4.2, popcnt, avx, aes, clmul, erms, ht, tsc, tscinvbit

/proc/cpuinfo:
processor	: 0
vendor_id	: GenuineIntel
cpu family	: 6
model		: 62
model name	: Intel(R) Core(TM) i7-4820K CPU @ 3.70GHz
stepping	: 4
microcode	: 0x416
cpu MHz		: 3891.070
cache size	: 10240 KB
physical id	: 0
siblings	: 8
core id		: 0
cpu cores	: 4
apicid		: 0
initial apicid	: 0
fpu		: yes
fpu_exception	: yes
cpuid level	: 13
wp		: yes
flags		: fpu vme de pse tsc msr pae mce cx8 apic sep mtrr pge mca cmov pat pse36 clflush dts acpi mmx fxsr sse sse2 ss ht tm pbe syscall nx pdpe1gb rdtscp lm constant_tsc arch_perfmon pebs bts rep_good nopl xtopology nonstop_tsc aperfmperf eagerfpu pni pclmulqdq dtes64 monitor ds_cpl vmx est tm2 ssse3 cx16 xtpr pdcm pcid dca sse4_1 sse4_2 x2apic popcnt tsc_deadline_timer aes xsave avx f16c rdrand lahf_lm epb tpr_shadow vnmi flexpriority ept vpid fsgsbase smep erms xsaveopt dtherm ida arat pln pts
bugs		:
bogomips	: 7399.90
clflush size	: 64
cache_alignment	: 64
address sizes	: 46 bits physical, 48 bits virtual
power management:

processor	: 1
vendor_id	: GenuineIntel
cpu family	: 6
model		: 62
model name	: Intel(R) Core(TM) i7-4820K CPU @ 3.70GHz
stepping	: 4
microcode	: 0x416
cpu MHz		: 3898.585
cache size	: 10240 KB
physical id	: 0
siblings	: 8
core id		: 1
cpu cores	: 4
apicid		: 2
initial apicid	: 2
fpu		: yes
fpu_exception	: yes
cpuid level	: 13
wp		: yes
flags		: fpu vme de pse tsc msr pae mce cx8 apic sep mtrr pge mca cmov pat pse36 clflush dts acpi mmx fxsr sse sse2 ss ht tm pbe syscall nx pdpe1gb rdtscp lm constant_tsc arch_perfmon pebs bts rep_good nopl xtopology nonstop_tsc aperfmperf eagerfpu pni pclmulqdq dtes64 monitor ds_cpl vmx est tm2 ssse3 cx16 xtpr pdcm pcid dca sse4_1 sse4_2 x2apic popcnt tsc_deadline_timer aes xsave avx f16c rdrand lahf_lm epb tpr_shadow vnmi flexpriority ept vpid fsgsbase smep erms xsaveopt dtherm ida arat pln pts
bugs		:
bogomips	: 7399.90
clflush size	: 64
cache_alignment	: 64
address sizes	: 46 bits physical, 48 bits virtual
power management:

processor	: 2
vendor_id	: GenuineIntel
cpu family	: 6
model		: 62
model name	: Intel(R) Core(TM) i7-4820K CPU @ 3.70GHz
stepping	: 4
microcode	: 0x416
cpu MHz		: 3899.308
cache size	: 10240 KB
physical id	: 0
siblings	: 8
core id		: 2
cpu cores	: 4
apicid		: 4
initial apicid	: 4
fpu		: yes
fpu_exception	: yes
cpuid level	: 13
wp		: yes
flags		: fpu vme de pse tsc msr pae mce cx8 apic sep mtrr pge mca cmov pat pse36 clflush dts acpi mmx fxsr sse sse2 ss ht tm pbe syscall nx pdpe1gb rdtscp lm constant_tsc arch_perfmon pebs bts rep_good nopl xtopology nonstop_tsc aperfmperf eagerfpu pni pclmulqdq dtes64 monitor ds_cpl vmx est tm2 ssse3 cx16 xtpr pdcm pcid dca sse4_1 sse4_2 x2apic popcnt tsc_deadline_timer aes xsave avx f16c rdrand lahf_lm epb tpr_shadow vnmi flexpriority ept vpid fsgsbase smep erms xsaveopt dtherm ida arat pln pts
bugs		:
bogomips	: 7399.90
clflush size	: 64
cache_alignment	: 64
address sizes	: 46 bits physical, 48 bits virtual
power management:

processor	: 3
vendor_id	: GenuineIntel
cpu family	: 6
model		: 62
model name	: Intel(R) Core(TM) i7-4820K CPU @ 3.70GHz
stepping	: 4
microcode	: 0x416
cpu MHz		: 3877.339
cache size	: 10240 KB
physical id	: 0
siblings	: 8
core id		: 3
cpu cores	: 4
apicid		: 6
initial apicid	: 6
fpu		: yes
fpu_exception	: yes
cpuid level	: 13
wp		: yes
flags		: fpu vme de pse tsc msr pae mce cx8 apic sep mtrr pge mca cmov pat pse36 clflush dts acpi mmx fxsr sse sse2 ss ht tm pbe syscall nx pdpe1gb rdtscp lm constant_tsc arch_perfmon pebs bts rep_good nopl xtopology nonstop_tsc aperfmperf eagerfpu pni pclmulqdq dtes64 monitor ds_cpl vmx est tm2 ssse3 cx16 xtpr pdcm pcid dca sse4_1 sse4_2 x2apic popcnt tsc_deadline_timer aes xsave avx f16c rdrand lahf_lm epb tpr_shadow vnmi flexpriority ept vpid fsgsbase smep erms xsaveopt dtherm ida arat pln pts
bugs		:
bogomips	: 7399.90
clflush size	: 64
cache_alignment	: 64
address sizes	: 46 bits physical, 48 bits virtual
power management:

processor	: 4
vendor_id	: GenuineIntel
cpu family	: 6
model		: 62
model name	: Intel(R) Core(TM) i7-4820K CPU @ 3.70GHz
stepping	: 4
microcode	: 0x416
cpu MHz		: 3871.125
cache size	: 10240 KB
physical id	: 0
siblings	: 8
core id		: 0
cpu cores	: 4
apicid		: 1
initial apicid	: 1
fpu		: yes
fpu_exception	: yes
cpuid level	: 13
wp		: yes
flags		: fpu vme de pse tsc msr pae mce cx8 apic sep mtrr pge mca cmov pat pse36 clflush dts acpi mmx fxsr sse sse2 ss ht tm pbe syscall nx pdpe1gb rdtscp lm constant_tsc arch_perfmon pebs bts rep_good nopl xtopology nonstop_tsc aperfmperf eagerfpu pni pclmulqdq dtes64 monitor ds_cpl vmx est tm2 ssse3 cx16 xtpr pdcm pcid dca sse4_1 sse4_2 x2apic popcnt tsc_deadline_timer aes xsave avx f16c rdrand lahf_lm epb tpr_shadow vnmi flexpriority ept vpid fsgsbase smep erms xsaveopt dtherm ida arat pln pts
bugs		:
bogomips	: 7399.90
clflush size	: 64
cache_alignment	: 64
address sizes	: 46 bits physical, 48 bits virtual
power management:

processor	: 5
vendor_id	: GenuineIntel
cpu family	: 6
model		: 62
model name	: Intel(R) Core(TM) i7-4820K CPU @ 3.70GHz
stepping	: 4
microcode	: 0x416
cpu MHz		: 3899.886
cache size	: 10240 KB
physical id	: 0
siblings	: 8
core id		: 1
cpu cores	: 4
apicid		: 3
initial apicid	: 3
fpu		: yes
fpu_exception	: yes
cpuid level	: 13
wp		: yes
flags		: fpu vme de pse tsc msr pae mce cx8 apic sep mtrr pge mca cmov pat pse36 clflush dts acpi mmx fxsr sse sse2 ss ht tm pbe syscall nx pdpe1gb rdtscp lm constant_tsc arch_perfmon pebs bts rep_good nopl xtopology nonstop_tsc aperfmperf eagerfpu pni pclmulqdq dtes64 monitor ds_cpl vmx est tm2 ssse3 cx16 xtpr pdcm pcid dca sse4_1 sse4_2 x2apic popcnt tsc_deadline_timer aes xsave avx f16c rdrand lahf_lm epb tpr_shadow vnmi flexpriority ept vpid fsgsbase smep erms xsaveopt dtherm ida arat pln pts
bugs		:
bogomips	: 7399.90
clflush size	: 64
cache_alignment	: 64
address sizes	: 46 bits physical, 48 bits virtual
power management:

processor	: 6
vendor_id	: GenuineIntel
cpu family	: 6
model		: 62
model name	: Intel(R) Core(TM) i7-4820K CPU @ 3.70GHz
stepping	: 4
microcode	: 0x416
cpu MHz		: 3834.269
cache size	: 10240 KB
physical id	: 0
siblings	: 8
core id		: 2
cpu cores	: 4
apicid		: 5
initial apicid	: 5
fpu		: yes
fpu_exception	: yes
cpuid level	: 13
wp		: yes
flags		: fpu vme de pse tsc msr pae mce cx8 apic sep mtrr pge mca cmov pat pse36 clflush dts acpi mmx fxsr sse sse2 ss ht tm pbe syscall nx pdpe1gb rdtscp lm constant_tsc arch_perfmon pebs bts rep_good nopl xtopology nonstop_tsc aperfmperf eagerfpu pni pclmulqdq dtes64 monitor ds_cpl vmx est tm2 ssse3 cx16 xtpr pdcm pcid dca sse4_1 sse4_2 x2apic popcnt tsc_deadline_timer aes xsave avx f16c rdrand lahf_lm epb tpr_shadow vnmi flexpriority ept vpid fsgsbase smep erms xsaveopt dtherm ida arat pln pts
bugs		:
bogomips	: 7399.90
clflush size	: 64
cache_alignment	: 64
address sizes	: 46 bits physical, 48 bits virtual
power management:

processor	: 7
vendor_id	: GenuineIntel
cpu family	: 6
model		: 62
model name	: Intel(R) Core(TM) i7-4820K CPU @ 3.70GHz
stepping	: 4
microcode	: 0x416
cpu MHz		: 3436.375
cache size	: 10240 KB
physical id	: 0
siblings	: 8
core id		: 3
cpu cores	: 4
apicid		: 7
initial apicid	: 7
fpu		: yes
fpu_exception	: yes
cpuid level	: 13
wp		: yes
flags		: fpu vme de pse tsc msr pae mce cx8 apic sep mtrr pge mca cmov pat pse36 clflush dts acpi mmx fxsr sse sse2 ss ht tm pbe syscall nx pdpe1gb rdtscp lm constant_tsc arch_perfmon pebs bts rep_good nopl xtopology nonstop_tsc aperfmperf eagerfpu pni pclmulqdq dtes64 monitor ds_cpl vmx est tm2 ssse3 cx16 xtpr pdcm pcid dca sse4_1 sse4_2 x2apic popcnt tsc_deadline_timer aes xsave avx f16c rdrand lahf_lm epb tpr_shadow vnmi flexpriority ept vpid fsgsbase smep erms xsaveopt dtherm ida arat pln pts
bugs		:
bogomips	: 7399.90
clflush size	: 64
cache_alignment	: 64
address sizes	: 46 bits physical, 48 bits virtual
power management:



Memory: 4k page, physical 16372212k(158564k free), swap 2902012k(1259284k free)

vm_info: Java HotSpot(TM) 64-Bit Server VM (25.101-b13) for linux-amd64 JRE (1.8.0_101-b13), built on Jun 22 2016 02:59:44 by "java_re" with gcc 4.3.0 20080428 (Red Hat 4.3.0-8)

time: Fri Apr  7 20:41:15 2017
elapsed time: 64 seconds (0d 0h 1m 4s)

